<?xml version="1.0" encoding="UTF-8"?>
<testng-results ignored="0" total="1" passed="1" failed="0" skipped="0">
  <reporter-output>
  </reporter-output>
  <suite started-at="2023-10-14T13:40:08 EDT" name="Default suite" finished-at="2023-10-14T13:40:31 EDT" duration-ms="22766">
    <groups>
    </groups>
    <test started-at="2023-10-14T13:40:08 EDT" name="Default test" finished-at="2023-10-14T13:40:31 EDT" duration-ms="22766">
      <class name="com.it.bd.TabWindowHandling">
        <test-method is-config="true" signature="start()[pri:0, instance:com.it.bd.TabWindowHandling@1e1a0406]" started-at="2023-10-14T13:40:06 EDT" name="start" finished-at="2023-10-14T13:40:08 EDT" duration-ms="1761" status="PASS">
          <reporter-output>
          </reporter-output>
        </test-method> <!-- start -->
        <test-method signature="TabTest()[pri:0, instance:com.it.bd.TabWindowHandling@1e1a0406]" started-at="2023-10-14T13:40:08 EDT" name="TabTest" finished-at="2023-10-14T13:40:31 EDT" duration-ms="22740" status="PASS">
          <reporter-output>
          </reporter-output>
        </test-method> <!-- TabTest -->
        <test-method is-config="true" signature="close()[pri:0, instance:com.it.bd.TabWindowHandling@1e1a0406]" started-at="2023-10-14T13:40:31 EDT" name="close" finished-at="2023-10-14T13:40:31 EDT" duration-ms="447" status="PASS">
          <reporter-output>
          </reporter-output>
        </test-method> <!-- close -->
      </class> <!-- com.it.bd.TabWindowHandling -->
    </test> <!-- Default test -->
  </suite> <!-- Default suite -->
</testng-results>
