<?xml version="1.0" encoding="UTF-8"?>
<testng-results ignored="0" total="1" passed="1" failed="0" skipped="0">
  <reporter-output>
  </reporter-output>
  <suite started-at="2023-06-18T13:37:19 EDT" name="Default suite" finished-at="2023-06-18T13:37:36 EDT" duration-ms="16723">
    <groups>
    </groups>
    <test started-at="2023-06-18T13:37:19 EDT" name="Default test" finished-at="2023-06-18T13:37:36 EDT" duration-ms="16723">
      <class name="com.it.bd.CopyAndPasteHandling">
        <test-method is-config="true" signature="start()[pri:0, instance:com.it.bd.CopyAndPasteHandling@1e1a0406]" started-at="2023-06-18T13:37:17 EDT" name="start" finished-at="2023-06-18T13:37:19 EDT" duration-ms="1596" status="PASS">
          <reporter-output>
          </reporter-output>
        </test-method> <!-- start -->
        <test-method signature="webElementsTest()[pri:0, instance:com.it.bd.CopyAndPasteHandling@1e1a0406]" started-at="2023-06-18T13:37:19 EDT" name="webElementsTest" finished-at="2023-06-18T13:37:36 EDT" duration-ms="16702" status="PASS">
          <reporter-output>
          </reporter-output>
        </test-method> <!-- webElementsTest -->
        <test-method is-config="true" signature="close()[pri:0, instance:com.it.bd.CopyAndPasteHandling@1e1a0406]" started-at="2023-06-18T13:37:36 EDT" name="close" finished-at="2023-06-18T13:37:36 EDT" duration-ms="314" status="PASS">
          <reporter-output>
          </reporter-output>
        </test-method> <!-- close -->
      </class> <!-- com.it.bd.CopyAndPasteHandling -->
    </test> <!-- Default test -->
  </suite> <!-- Default suite -->
</testng-results>
